2024-11-27 15:23:03 DEBUG TestNG:82 - suiteXmlPath: "D:\JavaAT\OpencartV121\mastertestng.xml"
2024-11-27 15:24:12 DEBUG TestNG:82 - suiteXmlPath: "D:\JavaAT\OpencartV121\mastertestng.xml"
2024-11-27 15:24:25 INFO  TC001_AccountRegistrationTest:23 - ************************ Starting TC001_AccountRegistrationTest**************************************
2024-11-27 15:24:27 INFO  TC001_AccountRegistrationTest:26 - Clicked on MyAccount link
2024-11-27 15:24:27 INFO  TC001_AccountRegistrationTest:28 - Clicked on Registration link
2024-11-27 15:24:28 INFO  TC001_AccountRegistrationTest:30 - Filling form.....
2024-11-27 15:24:30 INFO  TC001_AccountRegistrationTest:45 - Validating expected message
2024-11-27 15:24:36 INFO  TC002_LoginTest:16 - ****************starting TC002_LoginTest*******
2024-11-27 15:24:36 INFO  TC002_LoginTest:24 - 1.On home page, Click Myaccount link--> Login link
2024-11-27 15:24:41 INFO  TC002_LoginTest:32 - 2.Enter valid email
2024-11-27 15:24:41 INFO  TC002_LoginTest:35 - 3.Enter valid password
2024-11-27 15:24:42 INFO  TC002_LoginTest:38 - 4.click on login button
2024-11-27 15:24:43 INFO  TC002_LoginTest:45 - 5.Naviagte to My account page
2024-11-27 15:24:43 INFO  TC002_LoginTest:56 - *********finished TC002_LoginTest*************
2024-11-27 15:46:58 DEBUG TestNG:82 - suiteXmlPath: "D:\JavaAT\OpencartV121\mastertestng.xml"
2024-11-27 15:47:09 INFO  TC001_AccountRegistrationTest:23 - ************************ Starting TC001_AccountRegistrationTest**************************************
2024-11-27 15:47:10 INFO  TC001_AccountRegistrationTest:26 - Clicked on MyAccount link
2024-11-27 15:47:12 INFO  TC001_AccountRegistrationTest:28 - Clicked on Registration link
2024-11-27 15:47:12 INFO  TC001_AccountRegistrationTest:30 - Filling form.....
2024-11-27 15:47:15 INFO  TC001_AccountRegistrationTest:45 - Validating expected message
2024-11-27 15:47:21 INFO  TC002_LoginTest:16 - ****************starting TC002_LoginTest*******
2024-11-27 15:47:21 INFO  TC002_LoginTest:24 - 1.On home page, Click Myaccount link--> Login link
2024-11-27 15:47:26 INFO  TC002_LoginTest:32 - 2.Enter valid email
2024-11-27 15:47:26 INFO  TC002_LoginTest:35 - 3.Enter valid password
2024-11-27 15:47:27 INFO  TC002_LoginTest:38 - 4.click on login button
2024-11-27 15:47:28 INFO  TC002_LoginTest:45 - 5.Naviagte to My account page
2024-11-27 15:47:28 INFO  TC002_LoginTest:56 - *********finished TC002_LoginTest*************
2024-11-27 15:58:59 DEBUG TestNG:82 - suiteXmlPath: "D:\JavaAT\OpencartV121\mastertestng.xml"
2024-11-27 15:59:10 INFO  TC001_AccountRegistrationTest:23 - ************************ Starting TC001_AccountRegistrationTest**************************************
2024-11-27 15:59:11 INFO  TC001_AccountRegistrationTest:26 - Clicked on MyAccount link
2024-11-27 15:59:12 INFO  TC001_AccountRegistrationTest:28 - Clicked on Registration link
2024-11-27 15:59:12 INFO  TC001_AccountRegistrationTest:30 - Filling form.....
2024-11-27 15:59:14 INFO  TC001_AccountRegistrationTest:45 - Validating expected message
2024-11-27 15:59:20 INFO  TC002_LoginTest:16 - ****************starting TC002_LoginTest*******
2024-11-27 15:59:20 INFO  TC002_LoginTest:24 - 1.On home page, Click Myaccount link--> Login link
2024-11-27 15:59:25 INFO  TC002_LoginTest:32 - 2.Enter valid email
2024-11-27 15:59:25 INFO  TC002_LoginTest:35 - 3.Enter valid password
2024-11-27 15:59:25 INFO  TC002_LoginTest:38 - 4.click on login button
2024-11-27 15:59:26 INFO  TC002_LoginTest:45 - 5.Naviagte to My account page
2024-11-27 15:59:26 INFO  TC002_LoginTest:56 - *********finished TC002_LoginTest*************
